INFO 2025-06-15 14:24:28,384 firebase_config 20580 16148 Firebase initialized successfully
INFO 2025-06-15 14:24:36,996 firebase_config 20572 22068 Firebase initialized successfully
INFO 2025-06-15 14:32:10,338 firebase_config 3440 18040 Firebase initialized successfully
INFO 2025-06-15 14:32:32,532 firebase_config 21148 20984 Firebase initialized successfully
INFO 2025-06-15 14:32:54,336 firebase_config 20572 10936 Firebase already initialized
WARNING 2025-06-15 14:32:54,344 firebase_config 20572 10936 No FCM tokens found for user riti
INFO 2025-06-15 14:33:31,237 firebase_config 20572 10936 Firebase already initialized
ERROR 2025-06-15 14:33:37,242 firebase_config 20572 10936 Error sending notification: Unexpected HTTP response with status: 404; body: <!DOCTYPE html>
<html lang=en>
  <meta charset=utf-8>
  <meta name=viewport content="initial-scale=1, minimum-scale=1, width=device-width">
  <title>Error 404 (Not Found)!!1</title>
  <style>
    *{margin:0;padding:0}html,code{font:15px/22px arial,sans-serif}html{background:#fff;color:#222;padding:15px}body{margin:7% auto 0;max-width:390px;min-height:180px;padding:30px 0 15px}* > body{background:url(//www.google.com/images/errors/robot.png) 100% 5px no-repeat;padding-right:205px}p{margin:11px 0 22px;overflow:hidden}ins{color:#777;text-decoration:none}a img{border:0}@media screen and (max-width:772px){body{background:none;margin-top:0;max-width:none;padding-right:0}}#logo{background:url(//www.google.com/images/branding/googlelogo/1x/googlelogo_color_150x54dp.png) no-repeat;margin-left:-5px}@media only screen and (min-resolution:192dpi){#logo{background:url(//www.google.com/images/branding/googlelogo/2x/googlelogo_color_150x54dp.png) no-repeat 0% 0%/100% 100%;-moz-border-image:url(//www.google.com/images/branding/googlelogo/2x/googlelogo_color_150x54dp.png) 0}}@media only screen and (-webkit-min-device-pixel-ratio:2){#logo{background:url(//www.google.com/images/branding/googlelogo/2x/googlelogo_color_150x54dp.png) no-repeat;-webkit-background-size:100% 100%}}#logo{display:inline-block;height:54px;width:150px}
  </style>
  <a href=//www.google.com/><span id=logo aria-label=Google></span></a>
  <p><b>404.</b> <ins>That’s an error.</ins>
  <p>The requested URL <code>/batch</code> was not found on this server.  <ins>That’s all we know.</ins>

INFO 2025-06-15 14:34:43,624 firebase_config 18784 22036 Firebase initialized successfully
INFO 2025-06-15 14:34:55,960 firebase_config 1572 19784 Firebase initialized successfully
INFO 2025-06-15 14:35:38,705 firebase_config 1572 7240 Firebase already initialized
ERROR 2025-06-15 14:35:44,574 firebase_config 1572 7240 Error sending notification: Unexpected HTTP response with status: 404; body: <!DOCTYPE html>
<html lang=en>
  <meta charset=utf-8>
  <meta name=viewport content="initial-scale=1, minimum-scale=1, width=device-width">
  <title>Error 404 (Not Found)!!1</title>
  <style>
    *{margin:0;padding:0}html,code{font:15px/22px arial,sans-serif}html{background:#fff;color:#222;padding:15px}body{margin:7% auto 0;max-width:390px;min-height:180px;padding:30px 0 15px}* > body{background:url(//www.google.com/images/errors/robot.png) 100% 5px no-repeat;padding-right:205px}p{margin:11px 0 22px;overflow:hidden}ins{color:#777;text-decoration:none}a img{border:0}@media screen and (max-width:772px){body{background:none;margin-top:0;max-width:none;padding-right:0}}#logo{background:url(//www.google.com/images/branding/googlelogo/1x/googlelogo_color_150x54dp.png) no-repeat;margin-left:-5px}@media only screen and (min-resolution:192dpi){#logo{background:url(//www.google.com/images/branding/googlelogo/2x/googlelogo_color_150x54dp.png) no-repeat 0% 0%/100% 100%;-moz-border-image:url(//www.google.com/images/branding/googlelogo/2x/googlelogo_color_150x54dp.png) 0}}@media only screen and (-webkit-min-device-pixel-ratio:2){#logo{background:url(//www.google.com/images/branding/googlelogo/2x/googlelogo_color_150x54dp.png) no-repeat;-webkit-background-size:100% 100%}}#logo{display:inline-block;height:54px;width:150px}
  </style>
  <a href=//www.google.com/><span id=logo aria-label=Google></span></a>
  <p><b>404.</b> <ins>That’s an error.</ins>
  <p>The requested URL <code>/batch</code> was not found on this server.  <ins>That’s all we know.</ins>

INFO 2025-06-15 14:36:33,982 firebase_config 19396 5892 Firebase initialized successfully
INFO 2025-06-15 14:37:05,433 firebase_config 19396 21248 Firebase already initialized
ERROR 2025-06-15 14:37:12,064 firebase_config 19396 21248 Error sending notification: Unexpected HTTP response with status: 404; body: <!DOCTYPE html>
<html lang=en>
  <meta charset=utf-8>
  <meta name=viewport content="initial-scale=1, minimum-scale=1, width=device-width">
  <title>Error 404 (Not Found)!!1</title>
  <style>
    *{margin:0;padding:0}html,code{font:15px/22px arial,sans-serif}html{background:#fff;color:#222;padding:15px}body{margin:7% auto 0;max-width:390px;min-height:180px;padding:30px 0 15px}* > body{background:url(//www.google.com/images/errors/robot.png) 100% 5px no-repeat;padding-right:205px}p{margin:11px 0 22px;overflow:hidden}ins{color:#777;text-decoration:none}a img{border:0}@media screen and (max-width:772px){body{background:none;margin-top:0;max-width:none;padding-right:0}}#logo{background:url(//www.google.com/images/branding/googlelogo/1x/googlelogo_color_150x54dp.png) no-repeat;margin-left:-5px}@media only screen and (min-resolution:192dpi){#logo{background:url(//www.google.com/images/branding/googlelogo/2x/googlelogo_color_150x54dp.png) no-repeat 0% 0%/100% 100%;-moz-border-image:url(//www.google.com/images/branding/googlelogo/2x/googlelogo_color_150x54dp.png) 0}}@media only screen and (-webkit-min-device-pixel-ratio:2){#logo{background:url(//www.google.com/images/branding/googlelogo/2x/googlelogo_color_150x54dp.png) no-repeat;-webkit-background-size:100% 100%}}#logo{display:inline-block;height:54px;width:150px}
  </style>
  <a href=//www.google.com/><span id=logo aria-label=Google></span></a>
  <p><b>404.</b> <ins>That’s an error.</ins>
  <p>The requested URL <code>/batch</code> was not found on this server.  <ins>That’s all we know.</ins>

INFO 2025-06-15 14:38:07,784 firebase_config 22808 15404 Firebase initialized successfully
INFO 2025-06-15 15:20:18,478 firebase_config 22808 5368 Firebase already initialized
ERROR 2025-06-15 15:20:22,615 firebase_config 22808 5368 Failed to send notification to token f_RZxjnGG7xxe0U7VD9uWR:APA91bGIJZOZXkaYn-d0hhlk12qTla8wA7VPrljtc-qtvXmuZmE56mS39pTBySCgr4H02qNSNOzn50fYyc01nA9fGK935HAfU7jWF0ZEUDfgXfTLjzB-J5s: SenderId mismatch
ERROR 2025-06-15 15:20:22,791 firebase_config 22808 5368 Failed to send notification to token cStWK43XTWwEK-D8cQOeuZ:APA91bFm23ikuJXbbKKr2acHYXutgkuwHm-Xh43BrZlNDwF6wWCx2QNFqP4mAPRRnJjnkjjWauhsKxUp29xYSGvYfxWNpWbol9FZ2YX5hMOmmr72Za58zBA: Requested entity was not found.
INFO 2025-06-15 15:20:22,794 firebase_config 22808 5368 Notification sending complete. Success: 0, Failures: 2
INFO 2025-06-15 15:21:48,658 firebase_config 14516 20624 Firebase initialized successfully
INFO 2025-06-15 15:22:45,857 firebase_config 14516 2608 Firebase already initialized
ERROR 2025-06-15 15:22:49,067 firebase_config 14516 2608 Error sending notification: module 'firebase_admin.messaging' has no attribute 'ApiCallError'
INFO 2025-06-15 15:23:22,429 firebase_config 16700 13020 Firebase initialized successfully
INFO 2025-06-15 15:23:46,008 firebase_config 16700 18860 Firebase already initialized
ERROR 2025-06-15 15:23:49,789 firebase_config 16700 18860 Failed to send notification to token f_RZxjnGG7xxe0U7VD9uWR:APA91bGIJZOZXkaYn-d0hhlk12qTla8wA7VPrljtc-qtvXmuZmE56mS39pTBySCgr4H02qNSNOzn50fYyc01nA9fGK935HAfU7jWF0ZEUDfgXfTLjzB-J5s: SenderId mismatch
INFO 2025-06-15 15:23:49,793 firebase_config 16700 18860 Removed invalid token: f_RZxjnGG7xxe0U7VD9uWR:APA91bGIJZOZXkaYn-d0hhlk12qTla8wA7VPrljtc-qtvXmuZmE56mS39pTBySCgr4H02qNSNOzn50fYyc01nA9fGK935HAfU7jWF0ZEUDfgXfTLjzB-J5s
ERROR 2025-06-15 15:23:50,004 firebase_config 16700 18860 Failed to send notification to token cStWK43XTWwEK-D8cQOeuZ:APA91bFm23ikuJXbbKKr2acHYXutgkuwHm-Xh43BrZlNDwF6wWCx2QNFqP4mAPRRnJjnkjjWauhsKxUp29xYSGvYfxWNpWbol9FZ2YX5hMOmmr72Za58zBA: Requested entity was not found.
INFO 2025-06-15 15:23:50,008 firebase_config 16700 18860 Removed invalid token: cStWK43XTWwEK-D8cQOeuZ:APA91bFm23ikuJXbbKKr2acHYXutgkuwHm-Xh43BrZlNDwF6wWCx2QNFqP4mAPRRnJjnkjjWauhsKxUp29xYSGvYfxWNpWbol9FZ2YX5hMOmmr72Za58zBA
INFO 2025-06-15 15:23:50,009 firebase_config 16700 18860 Notification sending complete. Success: 0, Failures: 2
INFO 2025-06-15 15:24:15,522 firebase_config 3252 22816 Firebase initialized successfully
INFO 2025-06-15 15:25:17,039 firebase_config 20112 2812 Firebase initialized successfully
INFO 2025-06-15 15:25:49,896 firebase_config 10336 19008 Firebase initialized successfully
INFO 2025-06-15 15:25:50,493 firebase_config 10336 19008 Firebase already initialized
INFO 2025-06-15 15:26:27,216 firebase_config 20112 20768 Firebase already initialized
WARNING 2025-06-15 15:26:27,222 firebase_config 20112 20768 No FCM tokens found for user jenil231
INFO 2025-06-15 15:27:46,970 firebase_config 9940 9272 Firebase initialized successfully
INFO 2025-06-15 15:29:04,532 firebase_config 21848 12496 Firebase initialized successfully
INFO 2025-06-15 15:29:06,500 firebase_config 21848 12496 Firebase already initialized
INFO 2025-06-15 15:29:27,938 firebase_config 19104 2592 Firebase initialized successfully
INFO 2025-06-15 15:31:18,678 firebase_config 19104 19328 Firebase already initialized
ERROR 2025-06-15 15:31:23,032 firebase_config 19104 19328 Failed to send notification to token f_RZxjnGG7xxe0U7VD9uWR:APA91bGIJZOZXkaYn-d0hhlk12qTla8wA7VPrljtc-qtvXmuZmE56mS39pTBySCgr4H02qNSNOzn50fYyc01nA9fGK935HAfU7jWF0ZEUDfgXfTLjzB-J5s: SenderId mismatch
INFO 2025-06-15 15:31:23,036 firebase_config 19104 19328 Removed invalid token: f_RZxjnGG7xxe0U7VD9uWR:APA91bGIJZOZXkaYn-d0hhlk12qTla8wA7VPrljtc-qtvXmuZmE56mS39pTBySCgr4H02qNSNOzn50fYyc01nA9fGK935HAfU7jWF0ZEUDfgXfTLjzB-J5s
INFO 2025-06-15 15:31:23,037 firebase_config 19104 19328 Notification sending complete. Success: 0, Failures: 1
INFO 2025-06-15 15:34:29,623 firebase_config 18628 20816 Firebase initialized successfully
INFO 2025-06-15 15:36:13,894 firebase_config 18628 22752 Firebase already initialized
ERROR 2025-06-15 15:36:18,161 firebase_config 18628 22752 Failed to send notification to token f_RZxjnGG7xxe0U7VD9uWR:APA91bGIJZOZXkaYn-d0hhlk12qTla8wA7VPrljtc-qtvXmuZmE56mS39pTBySCgr4H02qNSNOzn50fYyc01nA9fGK935HAfU7jWF0ZEUDfgXfTLjzB-J5s: SenderId mismatch
INFO 2025-06-15 15:36:18,166 firebase_config 18628 22752 Removed invalid token: f_RZxjnGG7xxe0U7VD9uWR:APA91bGIJZOZXkaYn-d0hhlk12qTla8wA7VPrljtc-qtvXmuZmE56mS39pTBySCgr4H02qNSNOzn50fYyc01nA9fGK935HAfU7jWF0ZEUDfgXfTLjzB-J5s
INFO 2025-06-15 15:36:18,168 firebase_config 18628 22752 Notification sending complete. Success: 0, Failures: 1
INFO 2025-06-15 15:49:03,892 firebase_config 23120 7860 Firebase initialized successfully
INFO 2025-06-15 15:49:46,977 firebase_config 5228 22856 Firebase initialized successfully
INFO 2025-06-15 15:50:54,465 firebase_config 1360 16884 Firebase initialized successfully
INFO 2025-06-15 15:52:43,971 firebase_config 3404 5104 Firebase initialized successfully
INFO 2025-06-15 15:53:43,526 firebase_config 21924 13452 Firebase initialized successfully
INFO 2025-06-15 15:54:40,235 firebase_config 21660 16924 Firebase initialized successfully
INFO 2025-06-15 15:55:23,292 firebase_config 21884 7260 Firebase initialized successfully
INFO 2025-06-15 15:57:02,405 firebase_config 21884 22544 Firebase already initialized
INFO 2025-06-15 15:57:02,406 firebase_config 21884 22544 Firebase already initialized
ERROR 2025-06-15 15:57:04,754 firebase_config 21884 22544 Failed to send notification to token f_RZxjnGG7xxe0U7VD9uWR:APA91bGIJZOZXkaYn-d0hhlk12qTla8wA7VPrljtc-qtvXmuZmE56mS39pTBySCgr4H02qNSNOzn50fYyc01nA9fGK935HAfU7jWF0ZEUDfgXfTLjzB-J5s: Message.data must not contain non-string values.
ERROR 2025-06-15 15:57:04,756 firebase_config 21884 22544 Failed to send notification to token cStWK43XTWwEK-D8cQOeuZ:APA91bFm23ikuJXbbKKr2acHYXutgkuwHm-Xh43BrZlNDwF6wWCx2QNFqP4mAPRRnJjnkjjWauhsKxUp29xYSGvYfxWNpWbol9FZ2YX5hMOmmr72Za58zBA: Message.data must not contain non-string values.
INFO 2025-06-15 15:57:04,758 firebase_config 21884 22544 Notification sending complete. Success: 0, Failures: 2
INFO 2025-06-15 15:59:16,301 firebase_config 4124 12376 Firebase initialized successfully
INFO 2025-06-15 16:01:14,020 firebase_config 4124 21484 Firebase already initialized
INFO 2025-06-15 16:01:14,023 firebase_config 4124 21484 Firebase already initialized
ERROR 2025-06-15 16:01:17,005 firebase_config 4124 21484 Failed to send notification to token f_RZxjnGG7xxe0U7VD9uWR:APA91bGIJZOZXkaYn-d0hhlk12qTla8wA7VPrljtc-qtvXmuZmE56mS39pTBySCgr4H02qNSNOzn50fYyc01nA9fGK935HAfU7jWF0ZEUDfgXfTLjzB-J5s: SenderId mismatch
INFO 2025-06-15 16:01:17,008 firebase_config 4124 21484 Removed invalid token: f_RZxjnGG7xxe0U7VD9uWR:APA91bGIJZOZXkaYn-d0hhlk12qTla8wA7VPrljtc-qtvXmuZmE56mS39pTBySCgr4H02qNSNOzn50fYyc01nA9fGK935HAfU7jWF0ZEUDfgXfTLjzB-J5s
ERROR 2025-06-15 16:01:17,176 firebase_config 4124 21484 Failed to send notification to token cStWK43XTWwEK-D8cQOeuZ:APA91bFm23ikuJXbbKKr2acHYXutgkuwHm-Xh43BrZlNDwF6wWCx2QNFqP4mAPRRnJjnkjjWauhsKxUp29xYSGvYfxWNpWbol9FZ2YX5hMOmmr72Za58zBA: Requested entity was not found.
INFO 2025-06-15 16:01:17,180 firebase_config 4124 21484 Removed invalid token: cStWK43XTWwEK-D8cQOeuZ:APA91bFm23ikuJXbbKKr2acHYXutgkuwHm-Xh43BrZlNDwF6wWCx2QNFqP4mAPRRnJjnkjjWauhsKxUp29xYSGvYfxWNpWbol9FZ2YX5hMOmmr72Za58zBA
INFO 2025-06-15 16:01:17,180 firebase_config 4124 21484 Notification sending complete. Success: 0, Failures: 2
INFO 2025-06-15 16:12:28,824 firebase_config 22040 19976 Firebase initialized successfully
INFO 2025-06-15 16:14:57,623 firebase_config 22040 17100 Firebase already initialized
INFO 2025-06-15 16:14:57,624 firebase_config 22040 17100 Firebase already initialized
ERROR 2025-06-15 16:15:00,607 firebase_config 22040 17100 Failed to send notification to token cStWK43XTWwEK-D8cQOeuZ:APA91bFm23ikuJXbbKKr2acHYXutgkuwHm-Xh43BrZlNDwF6wWCx2QNFqP4mAPRRnJjnkjjWauhsKxUp29xYSGvYfxWNpWbol9FZ2YX5hMOmmr72Za58zBA: Requested entity was not found.
INFO 2025-06-15 16:15:00,614 firebase_config 22040 17100 Removed invalid token: cStWK43XTWwEK-D8cQOeuZ:APA91bFm23ikuJXbbKKr2acHYXutgkuwHm-Xh43BrZlNDwF6wWCx2QNFqP4mAPRRnJjnkjjWauhsKxUp29xYSGvYfxWNpWbol9FZ2YX5hMOmmr72Za58zBA
INFO 2025-06-15 16:15:00,617 firebase_config 22040 17100 Notification sending complete. Success: 0, Failures: 1
INFO 2025-06-15 16:16:21,162 firebase_config 10528 2920 Firebase initialized successfully
INFO 2025-06-15 16:16:41,932 firebase_config 10528 6344 Firebase already initialized
INFO 2025-06-15 16:16:41,933 firebase_config 10528 6344 Firebase already initialized
ERROR 2025-06-15 16:16:50,489 firebase_config 10528 6344 Failed to send notification to token cStWK43XTWwEK-D8cQOeuZ:APA91bFm23ikuJXbbKKr2acHYXutgkuwHm-Xh43BrZlNDwF6wWCx2QNFqP4mAPRRnJjnkjjWauhsKxUp29xYSGvYfxWNpWbol9FZ2YX5hMOmmr72Za58zBA: Requested entity was not found.
INFO 2025-06-15 16:16:50,493 firebase_config 10528 6344 Removed invalid token: cStWK43XTWwEK-D8cQOeuZ:APA91bFm23ikuJXbbKKr2acHYXutgkuwHm-Xh43BrZlNDwF6wWCx2QNFqP4mAPRRnJjnkjjWauhsKxUp29xYSGvYfxWNpWbol9FZ2YX5hMOmmr72Za58zBA
INFO 2025-06-15 16:16:50,495 firebase_config 10528 6344 Notification sending complete. Success: 0, Failures: 1
INFO 2025-06-15 16:17:25,059 firebase_config 13764 20104 Firebase initialized successfully
INFO 2025-06-15 16:17:27,860 firebase_config 13764 20104 Firebase already initialized
INFO 2025-06-15 16:19:54,256 firebase_config 19924 20620 Firebase initialized successfully
INFO 2025-06-15 16:20:16,241 firebase_config 7188 22768 Firebase initialized successfully
INFO 2025-06-15 16:22:01,424 firebase_config 7188 15540 Firebase already initialized
INFO 2025-06-15 16:22:01,425 firebase_config 7188 15540 Firebase already initialized
ERROR 2025-06-15 16:22:04,670 firebase_config 7188 15540 Failed to send notification to token cStWK43XTWwEK-D8cQOeuZ:APA91bFm23ikuJXbbKKr2acHYXutgkuwHm-Xh43BrZlNDwF6wWCx2QNFqP4mAPRRnJjnkjjWauhsKxUp29xYSGvYfxWNpWbol9FZ2YX5hMOmmr72Za58zBA: Requested entity was not found.
INFO 2025-06-15 16:22:04,674 firebase_config 7188 15540 Removed invalid token: cStWK43XTWwEK-D8cQOeuZ:APA91bFm23ikuJXbbKKr2acHYXutgkuwHm-Xh43BrZlNDwF6wWCx2QNFqP4mAPRRnJjnkjjWauhsKxUp29xYSGvYfxWNpWbol9FZ2YX5hMOmmr72Za58zBA
INFO 2025-06-15 16:22:04,675 firebase_config 7188 15540 Notification sending complete. Success: 0, Failures: 1
INFO 2025-06-15 16:23:06,567 firebase_config 9308 15176 Firebase initialized successfully
INFO 2025-06-15 16:37:45,029 firebase_config 9308 21156 Firebase already initialized
INFO 2025-06-15 16:37:45,030 firebase_config 9308 21156 Firebase already initialized
ERROR 2025-06-15 16:37:48,084 firebase_config 9308 21156 Failed to send notification to token cStWK43XTWwEK-D8cQOeuZ:APA91bFm23ikuJXbbKKr2acHYXutgkuwHm-Xh43BrZlNDwF6wWCx2QNFqP4mAPRRnJjnkjjWauhsKxUp29xYSGvYfxWNpWbol9FZ2YX5hMOmmr72Za58zBA: Requested entity was not found.
INFO 2025-06-15 16:37:48,095 firebase_config 9308 21156 Removed invalid token: cStWK43XTWwEK-D8cQOeuZ:APA91bFm23ikuJXbbKKr2acHYXutgkuwHm-Xh43BrZlNDwF6wWCx2QNFqP4mAPRRnJjnkjjWauhsKxUp29xYSGvYfxWNpWbol9FZ2YX5hMOmmr72Za58zBA
INFO 2025-06-15 16:37:48,098 firebase_config 9308 21156 Notification sending complete. Success: 0, Failures: 1
INFO 2025-06-15 16:44:18,030 firebase_config 20520 22072 Firebase initialized successfully
INFO 2025-06-15 16:46:36,514 firebase_config 9272 8024 Firebase initialized successfully
INFO 2025-06-15 16:46:58,895 firebase_config 9284 21000 Firebase initialized successfully
INFO 2025-06-15 17:04:15,332 firebase_config 9284 13724 Firebase already initialized
INFO 2025-06-15 17:04:59,825 firebase_config 8872 8600 Firebase initialized successfully
INFO 2025-06-15 17:18:08,865 firebase_config 8872 22044 Firebase already initialized
INFO 2025-06-15 17:19:28,581 firebase_config 20996 19252 Firebase initialized successfully
INFO 2025-06-15 17:20:11,409 firebase_config 20996 12612 Firebase already initialized
INFO 2025-06-15 17:22:58,924 firebase_config 22560 17004 Firebase initialized successfully
INFO 2025-06-15 17:24:23,806 firebase_config 22560 18504 Firebase already initialized
INFO 2025-06-15 17:26:16,207 firebase_config 22560 20552 Firebase already initialized
INFO 2025-06-15 17:26:57,669 firebase_config 22560 20552 Firebase already initialized
ERROR 2025-06-15 17:26:57,673 firebase_config 22560 20552 Error getting FCM tokens for user 1: Cannot resolve keyword 'employee' into field. Choices are: created_on, device_type, id, token, user, user_id
INFO 2025-06-15 17:28:12,622 firebase_config 8876 3560 Firebase initialized successfully
INFO 2025-06-15 17:29:03,008 firebase_config 8876 8068 Firebase already initialized
INFO 2025-06-15 17:30:04,520 firebase_config 2380 5152 Firebase initialized successfully
INFO 2025-06-15 17:31:35,428 firebase_config 18784 21184 Firebase initialized successfully
INFO 2025-06-15 17:31:41,047 firebase_config 18784 21328 Firebase already initialized
INFO 2025-06-15 17:32:50,485 firebase_config 7352 9804 Firebase initialized successfully
INFO 2025-06-15 17:33:03,793 firebase_config 10636 15224 Firebase initialized successfully
INFO 2025-06-15 17:33:56,134 firebase_config 10636 20636 Firebase already initialized
INFO 2025-06-15 17:37:02,694 firebase_config 21524 5764 Firebase initialized successfully
INFO 2025-06-15 17:37:34,938 firebase_config 13232 13284 Firebase initialized successfully
INFO 2025-06-15 17:37:44,831 firebase_config 21328 9464 Firebase initialized successfully
INFO 2025-06-15 17:38:09,157 firebase_config 9084 8704 Firebase initialized successfully
INFO 2025-06-15 17:40:54,967 firebase_config 1080 3560 Firebase initialized successfully
INFO 2025-06-15 17:41:02,397 firebase_config 1080 13164 Firebase already initialized
INFO 2025-06-15 17:41:53,558 firebase_config 12376 11116 Firebase initialized successfully
INFO 2025-06-15 17:42:05,737 firebase_config 12376 12600 Firebase already initialized
INFO 2025-06-15 17:42:42,638 firebase_config 7680 648 Firebase initialized successfully
INFO 2025-06-15 17:43:29,112 firebase_config 20888 17472 Firebase initialized successfully
INFO 2025-06-15 17:45:01,800 firebase_config 7836 9432 Firebase initialized successfully
INFO 2025-06-15 17:46:03,352 firebase_config 18228 14460 Firebase initialized successfully
INFO 2025-06-15 17:51:25,093 firebase_config 18228 21832 Firebase already initialized
INFO 2025-06-15 17:52:13,954 firebase_config 276 13284 Firebase initialized successfully
INFO 2025-06-15 17:52:29,026 firebase_config 20092 7936 Firebase initialized successfully
INFO 2025-06-15 17:52:42,620 firebase_config 20092 20624 Firebase already initialized
INFO 2025-06-15 17:54:00,897 firebase_config 21632 20264 Firebase initialized successfully
INFO 2025-06-15 17:54:16,215 firebase_config 21632 20428 Firebase already initialized
INFO 2025-06-15 17:56:00,594 firebase_config 21632 2520 Firebase already initialized
INFO 2025-06-15 17:56:15,638 firebase_config 21632 2520 Firebase already initialized
INFO 2025-06-15 17:57:49,271 firebase_config 3020 16624 Firebase initialized successfully
INFO 2025-06-15 17:59:23,715 firebase_config 3020 4812 Firebase already initialized
INFO 2025-06-15 18:00:12,555 firebase_config 3020 4812 Firebase already initialized
INFO 2025-06-15 18:00:33,376 firebase_config 5880 10864 Firebase initialized successfully
INFO 2025-06-15 18:00:39,976 firebase_config 5880 3420 Firebase already initialized
INFO 2025-06-15 18:13:09,509 firebase_config 22860 22456 Firebase initialized successfully
INFO 2025-06-15 18:14:41,991 firebase_config 21968 3056 Firebase initialized successfully
INFO 2025-06-15 18:17:47,241 firebase_config 21968 4780 Firebase already initialized
INFO 2025-06-15 18:18:37,640 firebase_config 16856 9884 Firebase initialized successfully
INFO 2025-06-15 18:19:15,969 firebase_config 16856 18116 Firebase already initialized
INFO 2025-06-15 18:36:18,303 firebase_config 16856 13308 Firebase already initialized
INFO 2025-06-15 18:37:50,209 firebase_config 16856 17528 Firebase already initialized
INFO 2025-06-15 18:43:00,603 firebase_config 19188 19104 Firebase initialized successfully
INFO 2025-06-15 18:43:04,382 firebase_config 15984 13440 Firebase initialized successfully
INFO 2025-06-15 18:43:40,583 firebase_config 15984 21784 Firebase already initialized
INFO 2025-06-15 18:44:55,404 firebase_config 21412 23472 Firebase initialized successfully
INFO 2025-06-15 18:45:07,809 firebase_config 21412 18972 Firebase already initialized
INFO 2025-06-15 18:46:25,611 firebase_config 19824 20832 Firebase initialized successfully
INFO 2025-06-15 18:46:56,158 firebase_config 20164 19548 Firebase initialized successfully
INFO 2025-06-15 18:47:07,000 firebase_config 20164 17904 Firebase already initialized
INFO 2025-06-15 18:49:55,353 firebase_config 10332 4660 Firebase initialized successfully
INFO 2025-06-15 18:50:22,194 firebase_config 10332 16684 Firebase already initialized
INFO 2025-06-15 18:51:17,622 firebase_config 16260 16880 Initializing Firebase with project ID: yogiverse-4480e
INFO 2025-06-15 18:51:17,625 firebase_config 16260 16880 Client email: firebase-adminsdk-fbsvc@yogiverse-4480e.iam.gserviceaccount.com
INFO 2025-06-15 18:51:17,841 firebase_config 16260 16880 Firebase initialized successfully with project ID: yogiverse-4480e
INFO 2025-06-15 19:04:06,464 firebase_config 16260 13724 Firebase already initialized with project ID: yogiverse-4480e
INFO 2025-06-15 19:04:06,469 firebase_config 16260 13724 Found 1 tokens for user 1
INFO 2025-06-15 19:04:32,150 firebase_config 22352 19484 Initializing Firebase with project ID: yogiverse-4480e
INFO 2025-06-15 19:04:32,157 firebase_config 22352 19484 Client email: firebase-adminsdk-fbsvc@yogiverse-4480e.iam.gserviceaccount.com
INFO 2025-06-15 19:04:32,437 firebase_config 22352 19484 Firebase initialized successfully with project ID: yogiverse-4480e
INFO 2025-06-15 19:05:40,430 firebase_config 19512 22944 Initializing Firebase with project ID: yogiverse-4480e
INFO 2025-06-15 19:05:40,433 firebase_config 19512 22944 Client email: firebase-adminsdk-fbsvc@yogiverse-4480e.iam.gserviceaccount.com
INFO 2025-06-15 19:05:40,583 firebase_config 19512 22944 Firebase initialized successfully with project ID: yogiverse-4480e
INFO 2025-06-15 19:06:27,551 firebase_config 19512 13144 Firebase already initialized with project ID: yogiverse-4480e
INFO 2025-06-15 19:06:27,556 firebase_config 19512 13144 Found 1 tokens for user 1
INFO 2025-06-15 19:07:53,469 firebase_config 17864 10564 Firebase initialized successfully with project ID: yogiverse-4480e
INFO 2025-06-15 19:10:15,112 firebase_config 15668 4056 Firebase initialized successfully with project ID: yogiverse-4480e
INFO 2025-06-15 19:10:52,743 firebase_config 17780 23496 Firebase initialized successfully with project ID: yogiverse-4480e
INFO 2025-06-15 19:11:25,831 firebase_config 2016 20168 Firebase initialized successfully with project ID: yogiverse-4480e
INFO 2025-06-15 19:14:17,826 firebase_config 17996 13228 Firebase initialized successfully with project ID: yogiverse-4480e
INFO 2025-06-15 19:14:24,916 firebase_config 20252 7912 Firebase initialized successfully with project ID: yogiverse-4480e
INFO 2025-06-15 19:15:33,535 firebase_config 16528 6104 Firebase initialized successfully with project ID: yogiverse-4480e
INFO 2025-06-15 19:15:57,489 firebase_config 16528 12368 Firebase already initialized with project ID: yogiverse-4480e
INFO 2025-06-15 19:16:21,640 firebase_config 16528 23160 Firebase already initialized with project ID: yogiverse-4480e
INFO 2025-06-15 19:16:21,645 firebase_config 16528 23160 Found 1 tokens for user 1
INFO 2025-06-15 19:17:05,453 firebase_config 6520 16916 Firebase initialized successfully with project ID: yogiverse-4480e
INFO 2025-06-15 19:17:40,034 firebase_config 10372 13080 Initializing Firebase with project ID: yogiverse-4480e
INFO 2025-06-15 19:17:40,036 firebase_config 10372 13080 Client email: firebase-adminsdk-fbsvc@yogiverse-4480e.iam.gserviceaccount.com
INFO 2025-06-15 19:17:40,186 firebase_config 10372 13080 Firebase initialized successfully with project ID: yogiverse-4480e
INFO 2025-06-15 19:17:48,004 firebase_config 10372 21916 Firebase already initialized with project ID: yogiverse-4480e
INFO 2025-06-15 19:17:48,011 firebase_config 10372 21916 Found 1 tokens for user 1
INFO 2025-06-15 19:19:11,105 firebase_config 17236 19636 Initializing Firebase with project ID: yogiverse-4480e
INFO 2025-06-15 19:19:11,114 firebase_config 17236 19636 Client email: firebase-adminsdk-fbsvc@yogiverse-4480e.iam.gserviceaccount.com
INFO 2025-06-15 19:19:11,307 firebase_config 17236 19636 Firebase initialized successfully with project ID: yogiverse-4480e
INFO 2025-06-15 19:19:38,572 firebase_config 17236 21644 Firebase already initialized with project ID: yogiverse-4480e
INFO 2025-06-15 19:19:38,578 firebase_config 17236 21644 Found 1 tokens for user 1
INFO 2025-06-15 19:20:58,855 firebase_config 20152 16520 Initializing Firebase with project ID: yogiverse-4480e
INFO 2025-06-15 19:20:58,857 firebase_config 20152 16520 Client email: firebase-adminsdk-fbsvc@yogiverse-4480e.iam.gserviceaccount.com
INFO 2025-06-15 19:20:59,007 firebase_config 20152 16520 Firebase initialized successfully with project ID: yogiverse-4480e
INFO 2025-06-15 19:22:32,974 firebase_config 20152 22756 Firebase already initialized with project ID: yogiverse-4480e
INFO 2025-06-15 19:24:07,613 firebase_config 20152 4824 Firebase already initialized with project ID: yogiverse-4480e
INFO 2025-06-15 19:25:11,541 firebase_config 20152 4824 Firebase already initialized with project ID: yogiverse-4480e
INFO 2025-06-15 19:26:27,645 firebase_config 12660 14684 Initializing Firebase with project ID: yogiverse-4480e
INFO 2025-06-15 19:26:27,661 firebase_config 12660 14684 Client email: firebase-adminsdk-fbsvc@yogiverse-4480e.iam.gserviceaccount.com
INFO 2025-06-15 19:26:28,056 firebase_config 12660 14684 Firebase initialized successfully with project ID: yogiverse-4480e
INFO 2025-06-15 19:26:44,620 firebase_config 12660 19340 Firebase already initialized with project ID: yogiverse-4480e
INFO 2025-06-15 19:27:21,793 firebase_config 20384 23116 Initializing Firebase with project ID: yogiverse-4480e
INFO 2025-06-15 19:27:21,796 firebase_config 20384 23116 Client email: firebase-adminsdk-fbsvc@yogiverse-4480e.iam.gserviceaccount.com
INFO 2025-06-15 19:27:21,956 firebase_config 20384 23116 Firebase initialized successfully with project ID: yogiverse-4480e
INFO 2025-06-15 19:28:07,062 firebase_config 20384 16088 Firebase already initialized with project ID: yogiverse-4480e
INFO 2025-06-15 19:32:18,768 firebase_config 20384 924 Firebase already initialized with project ID: yogiverse-4480e
INFO 2025-06-15 19:32:42,495 firebase_config 20384 924 Firebase already initialized with project ID: yogiverse-4480e
INFO 2025-06-15 19:33:18,946 firebase_config 20384 924 Firebase already initialized with project ID: yogiverse-4480e
INFO 2025-06-15 19:33:21,397 firebase_config 20384 924 Firebase already initialized with project ID: yogiverse-4480e
INFO 2025-06-15 19:34:16,491 firebase_config 20384 924 Firebase already initialized with project ID: yogiverse-4480e
INFO 2025-06-15 19:35:17,464 firebase_config 22664 3284 Initializing Firebase with project ID: yogiverse-4480e
INFO 2025-06-15 19:35:17,466 firebase_config 22664 3284 Client email: firebase-adminsdk-fbsvc@yogiverse-4480e.iam.gserviceaccount.com
INFO 2025-06-15 19:35:17,637 firebase_config 22664 3284 Firebase initialized successfully with project ID: yogiverse-4480e
INFO 2025-06-15 19:35:39,030 firebase_config 22664 7568 Firebase already initialized with project ID: yogiverse-4480e
INFO 2025-06-15 19:36:47,949 firebase_config 13440 10896 Initializing Firebase with project ID: yogiverse-4480e
INFO 2025-06-15 19:36:47,951 firebase_config 13440 10896 Client email: firebase-adminsdk-fbsvc@yogiverse-4480e.iam.gserviceaccount.com
INFO 2025-06-15 19:36:48,177 firebase_config 13440 10896 Firebase initialized successfully with project ID: yogiverse-4480e
INFO 2025-06-15 19:38:01,906 firebase_config 13440 21780 Firebase already initialized with project ID: yogiverse-4480e
INFO 2025-06-15 19:38:06,043 firebase_config 13440 21780 Firebase already initialized with project ID: yogiverse-4480e
INFO 2025-06-15 19:38:06,044 firebase_config 13440 21780 Using Firebase project ID: yogiverse-4480e
INFO 2025-06-15 19:38:06,047 firebase_config 13440 21780 Found 2 tokens for user 1
ERROR 2025-06-15 19:38:06,210 firebase_config 13440 21780 Failed to send notification to token cStWK43XTWwEK-D8cQOe...: Requested entity was not found.
ERROR 2025-06-15 19:38:06,211 firebase_config 13440 21780 Token is not registered with Firebase. This could be because:
ERROR 2025-06-15 19:38:06,213 firebase_config 13440 21780 1. The token is from a different Firebase project
ERROR 2025-06-15 19:38:06,214 firebase_config 13440 21780 2. The token has expired
ERROR 2025-06-15 19:38:06,216 firebase_config 13440 21780 3. The token was never properly registered
ERROR 2025-06-15 19:38:06,217 firebase_config 13440 21780 Current Firebase project ID: yogiverse-4480e
INFO 2025-06-15 19:38:06,421 firebase_config 13440 21780 Successfully sent notification to token: cStWK43XTWwEK-D8cQOe...
INFO 2025-06-15 19:38:06,425 firebase_config 13440 21780 Notification sending complete. Success: 1, Failures: 1
INFO 2025-06-15 19:38:06,666 firebase_config 13440 9280 Firebase already initialized with project ID: yogiverse-4480e
INFO 2025-06-15 19:38:06,878 firebase_config 13440 9280 Firebase already initialized with project ID: yogiverse-4480e
INFO 2025-06-15 19:38:06,880 firebase_config 13440 9280 Using Firebase project ID: yogiverse-4480e
INFO 2025-06-15 19:38:06,883 firebase_config 13440 9280 Found 2 tokens for user 1
ERROR 2025-06-15 19:38:07,005 firebase_config 13440 9280 Failed to send notification to token cStWK43XTWwEK-D8cQOe...: Requested entity was not found.
ERROR 2025-06-15 19:38:07,006 firebase_config 13440 9280 Token is not registered with Firebase. This could be because:
ERROR 2025-06-15 19:38:07,007 firebase_config 13440 9280 1. The token is from a different Firebase project
ERROR 2025-06-15 19:38:07,008 firebase_config 13440 9280 2. The token has expired
ERROR 2025-06-15 19:38:07,009 firebase_config 13440 9280 3. The token was never properly registered
ERROR 2025-06-15 19:38:07,011 firebase_config 13440 9280 Current Firebase project ID: yogiverse-4480e
INFO 2025-06-15 19:38:07,256 firebase_config 13440 9280 Successfully sent notification to token: cStWK43XTWwEK-D8cQOe...
INFO 2025-06-15 19:38:07,257 firebase_config 13440 9280 Notification sending complete. Success: 1, Failures: 1
INFO 2025-06-15 19:38:08,467 firebase_config 13440 9280 Firebase already initialized with project ID: yogiverse-4480e
INFO 2025-06-15 19:38:08,737 firebase_config 13440 9280 Firebase already initialized with project ID: yogiverse-4480e
INFO 2025-06-15 19:38:08,738 firebase_config 13440 9280 Using Firebase project ID: yogiverse-4480e
INFO 2025-06-15 19:38:08,741 firebase_config 13440 9280 Found 2 tokens for user 1
ERROR 2025-06-15 19:38:08,897 firebase_config 13440 9280 Failed to send notification to token cStWK43XTWwEK-D8cQOe...: Requested entity was not found.
ERROR 2025-06-15 19:38:08,901 firebase_config 13440 9280 Token is not registered with Firebase. This could be because:
ERROR 2025-06-15 19:38:08,905 firebase_config 13440 9280 1. The token is from a different Firebase project
ERROR 2025-06-15 19:38:08,905 firebase_config 13440 9280 2. The token has expired
ERROR 2025-06-15 19:38:08,906 firebase_config 13440 9280 3. The token was never properly registered
ERROR 2025-06-15 19:38:08,906 firebase_config 13440 9280 Current Firebase project ID: yogiverse-4480e
INFO 2025-06-15 19:38:09,144 firebase_config 13440 9280 Successfully sent notification to token: cStWK43XTWwEK-D8cQOe...
INFO 2025-06-15 19:38:09,146 firebase_config 13440 9280 Notification sending complete. Success: 1, Failures: 1
INFO 2025-06-15 19:38:10,529 firebase_config 13440 9280 Firebase already initialized with project ID: yogiverse-4480e
INFO 2025-06-15 19:38:10,846 firebase_config 13440 9280 Firebase already initialized with project ID: yogiverse-4480e
INFO 2025-06-15 19:38:10,848 firebase_config 13440 9280 Using Firebase project ID: yogiverse-4480e
INFO 2025-06-15 19:38:10,850 firebase_config 13440 9280 Found 2 tokens for user 1
ERROR 2025-06-15 19:38:11,012 firebase_config 13440 9280 Failed to send notification to token cStWK43XTWwEK-D8cQOe...: Requested entity was not found.
ERROR 2025-06-15 19:38:11,013 firebase_config 13440 9280 Token is not registered with Firebase. This could be because:
ERROR 2025-06-15 19:38:11,013 firebase_config 13440 9280 1. The token is from a different Firebase project
ERROR 2025-06-15 19:38:11,015 firebase_config 13440 9280 2. The token has expired
ERROR 2025-06-15 19:38:11,015 firebase_config 13440 9280 3. The token was never properly registered
ERROR 2025-06-15 19:38:11,016 firebase_config 13440 9280 Current Firebase project ID: yogiverse-4480e
INFO 2025-06-15 19:38:11,232 firebase_config 13440 9280 Successfully sent notification to token: cStWK43XTWwEK-D8cQOe...
INFO 2025-06-15 19:38:11,233 firebase_config 13440 9280 Notification sending complete. Success: 1, Failures: 1
INFO 2025-06-15 19:39:29,491 firebase_config 13440 17148 Firebase already initialized with project ID: yogiverse-4480e
INFO 2025-06-15 19:39:29,497 firebase_config 13440 17148 Found 2 tokens for user 1
INFO 2025-06-15 19:39:44,169 firebase_config 13440 12328 Firebase already initialized with project ID: yogiverse-4480e
INFO 2025-06-15 19:39:44,435 firebase_config 13440 12328 Firebase already initialized with project ID: yogiverse-4480e
INFO 2025-06-15 19:39:44,436 firebase_config 13440 12328 Using Firebase project ID: yogiverse-4480e
INFO 2025-06-15 19:39:44,439 firebase_config 13440 12328 Found 2 tokens for user 1
ERROR 2025-06-15 19:39:44,600 firebase_config 13440 12328 Failed to send notification to token cStWK43XTWwEK-D8cQOe...: Requested entity was not found.
ERROR 2025-06-15 19:39:44,601 firebase_config 13440 12328 Token is not registered with Firebase. This could be because:
ERROR 2025-06-15 19:39:44,602 firebase_config 13440 12328 1. The token is from a different Firebase project
ERROR 2025-06-15 19:39:44,602 firebase_config 13440 12328 2. The token has expired
ERROR 2025-06-15 19:39:44,603 firebase_config 13440 12328 3. The token was never properly registered
ERROR 2025-06-15 19:39:44,603 firebase_config 13440 12328 Current Firebase project ID: yogiverse-4480e
INFO 2025-06-15 19:39:44,795 firebase_config 13440 12328 Successfully sent notification to token: cStWK43XTWwEK-D8cQOe...
INFO 2025-06-15 19:39:44,796 firebase_config 13440 12328 Notification sending complete. Success: 1, Failures: 1
INFO 2025-06-15 19:40:01,001 firebase_config 13440 17148 Firebase already initialized with project ID: yogiverse-4480e
INFO 2025-06-15 19:40:01,007 firebase_config 13440 17148 Found 2 tokens for user 1
INFO 2025-06-15 19:40:22,024 firebase_config 13440 17148 Firebase already initialized with project ID: yogiverse-4480e
INFO 2025-06-15 19:40:22,028 firebase_config 13440 17148 Found 2 tokens for user 1
INFO 2025-06-15 19:40:41,442 firebase_config 13440 12328 Firebase already initialized with project ID: yogiverse-4480e
INFO 2025-06-15 19:40:41,686 firebase_config 13440 12328 Firebase already initialized with project ID: yogiverse-4480e
INFO 2025-06-15 19:40:41,687 firebase_config 13440 12328 Using Firebase project ID: yogiverse-4480e
INFO 2025-06-15 19:40:41,689 firebase_config 13440 12328 Found 2 tokens for user 1
ERROR 2025-06-15 19:40:41,798 firebase_config 13440 12328 Failed to send notification to token cStWK43XTWwEK-D8cQOe...: Requested entity was not found.
ERROR 2025-06-15 19:40:41,800 firebase_config 13440 12328 Token is not registered with Firebase. This could be because:
ERROR 2025-06-15 19:40:41,800 firebase_config 13440 12328 1. The token is from a different Firebase project
ERROR 2025-06-15 19:40:41,801 firebase_config 13440 12328 2. The token has expired
ERROR 2025-06-15 19:40:41,802 firebase_config 13440 12328 3. The token was never properly registered
ERROR 2025-06-15 19:40:41,803 firebase_config 13440 12328 Current Firebase project ID: yogiverse-4480e
INFO 2025-06-15 19:40:42,036 firebase_config 13440 12328 Successfully sent notification to token: cStWK43XTWwEK-D8cQOe...
INFO 2025-06-15 19:40:42,037 firebase_config 13440 12328 Notification sending complete. Success: 1, Failures: 1
INFO 2025-06-15 19:40:48,047 firebase_config 13440 17148 Firebase already initialized with project ID: yogiverse-4480e
INFO 2025-06-15 19:40:48,052 firebase_config 13440 17148 Found 2 tokens for user 1
INFO 2025-06-15 19:41:06,598 firebase_config 13440 17148 Firebase already initialized with project ID: yogiverse-4480e
INFO 2025-06-15 19:41:06,604 firebase_config 13440 17148 Found 2 tokens for user 1
INFO 2025-06-15 19:41:16,356 firebase_config 13440 12328 Firebase already initialized with project ID: yogiverse-4480e
INFO 2025-06-15 19:41:16,566 firebase_config 13440 12328 Firebase already initialized with project ID: yogiverse-4480e
INFO 2025-06-15 19:41:16,567 firebase_config 13440 12328 Using Firebase project ID: yogiverse-4480e
INFO 2025-06-15 19:41:16,570 firebase_config 13440 12328 Found 2 tokens for user 1
ERROR 2025-06-15 19:41:16,729 firebase_config 13440 12328 Failed to send notification to token cStWK43XTWwEK-D8cQOe...: Requested entity was not found.
ERROR 2025-06-15 19:41:16,730 firebase_config 13440 12328 Token is not registered with Firebase. This could be because:
ERROR 2025-06-15 19:41:16,731 firebase_config 13440 12328 1. The token is from a different Firebase project
ERROR 2025-06-15 19:41:16,732 firebase_config 13440 12328 2. The token has expired
ERROR 2025-06-15 19:41:16,733 firebase_config 13440 12328 3. The token was never properly registered
ERROR 2025-06-15 19:41:16,734 firebase_config 13440 12328 Current Firebase project ID: yogiverse-4480e
INFO 2025-06-15 19:41:16,885 firebase_config 13440 12328 Successfully sent notification to token: cStWK43XTWwEK-D8cQOe...
INFO 2025-06-15 19:41:16,886 firebase_config 13440 12328 Notification sending complete. Success: 1, Failures: 1
INFO 2025-06-15 19:41:24,448 firebase_config 13440 17148 Firebase already initialized with project ID: yogiverse-4480e
INFO 2025-06-15 19:41:24,454 firebase_config 13440 17148 Found 2 tokens for user 1
INFO 2025-06-15 19:41:59,834 firebase_config 2416 9248 Initializing Firebase with project ID: yogiverse-4480e
INFO 2025-06-15 19:41:59,836 firebase_config 2416 9248 Client email: firebase-adminsdk-fbsvc@yogiverse-4480e.iam.gserviceaccount.com
INFO 2025-06-15 19:42:00,056 firebase_config 2416 9248 Firebase initialized successfully with project ID: yogiverse-4480e
INFO 2025-06-15 19:42:52,359 firebase_config 21076 23428 Initializing Firebase with project ID: yogiverse-4480e
INFO 2025-06-15 19:42:52,361 firebase_config 21076 23428 Client email: firebase-adminsdk-fbsvc@yogiverse-4480e.iam.gserviceaccount.com
INFO 2025-06-15 19:42:52,491 firebase_config 21076 23428 Firebase initialized successfully with project ID: yogiverse-4480e
INFO 2025-06-15 19:43:34,694 firebase_config 21076 21396 Firebase already initialized with project ID: yogiverse-4480e
INFO 2025-06-15 19:43:39,382 firebase_config 21076 22788 Firebase already initialized with project ID: yogiverse-4480e
INFO 2025-06-15 19:43:39,441 firebase_config 21076 21396 Firebase already initialized with project ID: yogiverse-4480e
INFO 2025-06-15 19:43:39,442 firebase_config 21076 21396 Using Firebase project ID: yogiverse-4480e
INFO 2025-06-15 19:43:39,445 firebase_config 21076 21396 Found 2 tokens for user 1
ERROR 2025-06-15 19:43:39,608 firebase_config 21076 21396 Failed to send notification to token cStWK43XTWwEK-D8cQOe...: Requested entity was not found.
ERROR 2025-06-15 19:43:39,609 firebase_config 21076 21396 Token is not registered with Firebase. This could be because:
ERROR 2025-06-15 19:43:39,610 firebase_config 21076 21396 1. The token is from a different Firebase project
ERROR 2025-06-15 19:43:39,612 firebase_config 21076 21396 2. The token has expired
ERROR 2025-06-15 19:43:39,613 firebase_config 21076 21396 3. The token was never properly registered
ERROR 2025-06-15 19:43:39,614 firebase_config 21076 21396 Current Firebase project ID: yogiverse-4480e
INFO 2025-06-15 19:43:39,782 firebase_config 21076 21396 Successfully sent notification to token: cStWK43XTWwEK-D8cQOe...
INFO 2025-06-15 19:43:39,784 firebase_config 21076 21396 Notification sending complete. Success: 1, Failures: 1
INFO 2025-06-15 19:43:39,907 firebase_config 21076 22788 Firebase already initialized with project ID: yogiverse-4480e
INFO 2025-06-15 19:43:39,909 firebase_config 21076 22788 Using Firebase project ID: yogiverse-4480e
INFO 2025-06-15 19:43:39,912 firebase_config 21076 22788 Found 2 tokens for user 1
ERROR 2025-06-15 19:43:40,114 firebase_config 21076 22788 Failed to send notification to token cStWK43XTWwEK-D8cQOe...: Requested entity was not found.
ERROR 2025-06-15 19:43:40,115 firebase_config 21076 22788 Token is not registered with Firebase. This could be because:
ERROR 2025-06-15 19:43:40,116 firebase_config 21076 22788 1. The token is from a different Firebase project
ERROR 2025-06-15 19:43:40,117 firebase_config 21076 22788 2. The token has expired
ERROR 2025-06-15 19:43:40,118 firebase_config 21076 22788 3. The token was never properly registered
ERROR 2025-06-15 19:43:40,119 firebase_config 21076 22788 Current Firebase project ID: yogiverse-4480e
INFO 2025-06-15 19:43:40,377 firebase_config 21076 22788 Successfully sent notification to token: cStWK43XTWwEK-D8cQOe...
INFO 2025-06-15 19:43:40,379 firebase_config 21076 22788 Notification sending complete. Success: 1, Failures: 1
INFO 2025-06-15 19:44:22,702 firebase_config 21076 22788 Firebase already initialized with project ID: yogiverse-4480e
INFO 2025-06-15 19:44:22,963 firebase_config 21076 22788 Firebase already initialized with project ID: yogiverse-4480e
INFO 2025-06-15 19:44:22,965 firebase_config 21076 22788 Using Firebase project ID: yogiverse-4480e
INFO 2025-06-15 19:44:22,967 firebase_config 21076 22788 Found 2 tokens for user 1
ERROR 2025-06-15 19:44:23,123 firebase_config 21076 22788 Failed to send notification to token cStWK43XTWwEK-D8cQOe...: Requested entity was not found.
ERROR 2025-06-15 19:44:23,123 firebase_config 21076 22788 Token is not registered with Firebase. This could be because:
ERROR 2025-06-15 19:44:23,124 firebase_config 21076 22788 1. The token is from a different Firebase project
ERROR 2025-06-15 19:44:23,125 firebase_config 21076 22788 2. The token has expired
ERROR 2025-06-15 19:44:23,125 firebase_config 21076 22788 3. The token was never properly registered
ERROR 2025-06-15 19:44:23,126 firebase_config 21076 22788 Current Firebase project ID: yogiverse-4480e
INFO 2025-06-15 19:44:23,320 firebase_config 21076 22788 Successfully sent notification to token: cStWK43XTWwEK-D8cQOe...
INFO 2025-06-15 19:44:23,321 firebase_config 21076 22788 Notification sending complete. Success: 1, Failures: 1
INFO 2025-06-15 19:45:17,575 firebase_config 21076 22788 Firebase already initialized with project ID: yogiverse-4480e
INFO 2025-06-15 19:45:17,783 firebase_config 21076 22788 Firebase already initialized with project ID: yogiverse-4480e
INFO 2025-06-15 19:45:17,784 firebase_config 21076 22788 Using Firebase project ID: yogiverse-4480e
INFO 2025-06-15 19:45:17,787 firebase_config 21076 22788 Found 2 tokens for user 1
ERROR 2025-06-15 19:45:17,946 firebase_config 21076 22788 Failed to send notification to token cStWK43XTWwEK-D8cQOe...: Requested entity was not found.
ERROR 2025-06-15 19:45:17,948 firebase_config 21076 22788 Token is not registered with Firebase. This could be because:
ERROR 2025-06-15 19:45:17,952 firebase_config 21076 22788 1. The token is from a different Firebase project
ERROR 2025-06-15 19:45:17,953 firebase_config 21076 22788 2. The token has expired
ERROR 2025-06-15 19:45:17,955 firebase_config 21076 22788 3. The token was never properly registered
ERROR 2025-06-15 19:45:17,956 firebase_config 21076 22788 Current Firebase project ID: yogiverse-4480e
INFO 2025-06-15 19:45:18,180 firebase_config 21076 22788 Successfully sent notification to token: cStWK43XTWwEK-D8cQOe...
INFO 2025-06-15 19:45:18,181 firebase_config 21076 22788 Notification sending complete. Success: 1, Failures: 1
INFO 2025-06-15 19:47:46,828 firebase_config 21076 9032 Firebase already initialized with project ID: yogiverse-4480e
INFO 2025-06-15 19:47:47,002 firebase_config 21076 9032 Firebase already initialized with project ID: yogiverse-4480e
INFO 2025-06-15 19:47:47,003 firebase_config 21076 9032 Using Firebase project ID: yogiverse-4480e
INFO 2025-06-15 19:47:47,006 firebase_config 21076 9032 Found 2 tokens for user 1
ERROR 2025-06-15 19:47:47,117 firebase_config 21076 9032 Failed to send notification to token cStWK43XTWwEK-D8cQOe...: Requested entity was not found.
ERROR 2025-06-15 19:47:47,118 firebase_config 21076 9032 Token is not registered with Firebase. This could be because:
ERROR 2025-06-15 19:47:47,118 firebase_config 21076 9032 1. The token is from a different Firebase project
ERROR 2025-06-15 19:47:47,119 firebase_config 21076 9032 2. The token has expired
ERROR 2025-06-15 19:47:47,120 firebase_config 21076 9032 3. The token was never properly registered
ERROR 2025-06-15 19:47:47,121 firebase_config 21076 9032 Current Firebase project ID: yogiverse-4480e
INFO 2025-06-15 19:47:47,330 firebase_config 21076 9032 Successfully sent notification to token: cStWK43XTWwEK-D8cQOe...
INFO 2025-06-15 19:47:47,332 firebase_config 21076 9032 Notification sending complete. Success: 1, Failures: 1
INFO 2025-06-15 19:47:55,103 firebase_config 21076 9032 Firebase already initialized with project ID: yogiverse-4480e
INFO 2025-06-15 19:47:55,293 firebase_config 21076 9032 Firebase already initialized with project ID: yogiverse-4480e
INFO 2025-06-15 19:47:55,297 firebase_config 21076 9032 Using Firebase project ID: yogiverse-4480e
INFO 2025-06-15 19:47:55,301 firebase_config 21076 9032 Found 2 tokens for user 1
ERROR 2025-06-15 19:47:55,433 firebase_config 21076 9032 Failed to send notification to token cStWK43XTWwEK-D8cQOe...: Requested entity was not found.
ERROR 2025-06-15 19:47:55,433 firebase_config 21076 9032 Token is not registered with Firebase. This could be because:
ERROR 2025-06-15 19:47:55,434 firebase_config 21076 9032 1. The token is from a different Firebase project
ERROR 2025-06-15 19:47:55,435 firebase_config 21076 9032 2. The token has expired
ERROR 2025-06-15 19:47:55,435 firebase_config 21076 9032 3. The token was never properly registered
ERROR 2025-06-15 19:47:55,437 firebase_config 21076 9032 Current Firebase project ID: yogiverse-4480e
INFO 2025-06-15 19:47:55,578 firebase_config 21076 9032 Successfully sent notification to token: cStWK43XTWwEK-D8cQOe...
INFO 2025-06-15 19:47:55,580 firebase_config 21076 9032 Notification sending complete. Success: 1, Failures: 1
INFO 2025-06-15 19:48:54,588 firebase_config 21076 9032 Firebase already initialized with project ID: yogiverse-4480e
INFO 2025-06-15 19:48:54,776 firebase_config 21076 9032 Firebase already initialized with project ID: yogiverse-4480e
INFO 2025-06-15 19:48:54,777 firebase_config 21076 9032 Using Firebase project ID: yogiverse-4480e
INFO 2025-06-15 19:48:54,779 firebase_config 21076 9032 Found 2 tokens for user 1
ERROR 2025-06-15 19:48:54,899 firebase_config 21076 9032 Failed to send notification to token cStWK43XTWwEK-D8cQOe...: Requested entity was not found.
ERROR 2025-06-15 19:48:54,899 firebase_config 21076 9032 Token is not registered with Firebase. This could be because:
ERROR 2025-06-15 19:48:54,900 firebase_config 21076 9032 1. The token is from a different Firebase project
ERROR 2025-06-15 19:48:54,900 firebase_config 21076 9032 2. The token has expired
ERROR 2025-06-15 19:48:54,901 firebase_config 21076 9032 3. The token was never properly registered
ERROR 2025-06-15 19:48:54,902 firebase_config 21076 9032 Current Firebase project ID: yogiverse-4480e
INFO 2025-06-15 19:48:55,095 firebase_config 21076 9032 Successfully sent notification to token: cStWK43XTWwEK-D8cQOe...
INFO 2025-06-15 19:48:55,095 firebase_config 21076 9032 Notification sending complete. Success: 1, Failures: 1
INFO 2025-06-15 19:51:25,944 firebase_config 6168 20184 Initializing Firebase with project ID: yogiverse-4480e
INFO 2025-06-15 19:51:25,950 firebase_config 6168 20184 Client email: firebase-adminsdk-fbsvc@yogiverse-4480e.iam.gserviceaccount.com
INFO 2025-06-15 19:51:26,130 firebase_config 6168 20184 Firebase initialized successfully with project ID: yogiverse-4480e
INFO 2025-06-17 00:35:19,533 firebase_config 23100 9432 Initializing Firebase with project ID: yogiverse-4480e
INFO 2025-06-17 00:35:19,551 firebase_config 23100 9432 Client email: firebase-adminsdk-fbsvc@yogiverse-4480e.iam.gserviceaccount.com
INFO 2025-06-17 00:35:19,843 firebase_config 23100 9432 Firebase initialized successfully with project ID: yogiverse-4480e
INFO 2025-06-17 00:35:46,321 firebase_config 20048 21752 Initializing Firebase with project ID: yogiverse-4480e
INFO 2025-06-17 00:35:46,329 firebase_config 20048 21752 Client email: firebase-adminsdk-fbsvc@yogiverse-4480e.iam.gserviceaccount.com
INFO 2025-06-17 00:35:46,564 firebase_config 20048 21752 Firebase initialized successfully with project ID: yogiverse-4480e
ERROR 2025-06-17 22:59:47,124 firebase_config 9684 13200 Error initializing Firebase: [Errno 2] No such file or directory: 'C:\\projects\\yogiverse_backend\\config\\firebase-credentials.json'
ERROR 2025-06-17 22:59:50,629 firebase_config 1088 68 Error initializing Firebase: [Errno 2] No such file or directory: 'C:\\projects\\yogiverse_backend\\config\\firebase-credentials.json'
ERROR 2025-06-17 23:01:56,078 firebase_config 8140 5868 Error initializing Firebase: [Errno 2] No such file or directory: 'C:\\projects\\yogiverse_backend\\config\\firebase-credentials.json'
ERROR 2025-06-17 23:02:09,105 firebase_config 18272 16156 Error initializing Firebase: [Errno 2] No such file or directory: 'C:\\projects\\yogiverse_backend\\config\\firebase-credentials.json'
ERROR 2025-06-17 23:02:27,830 firebase_config 2368 17124 Error initializing Firebase: [Errno 2] No such file or directory: 'C:\\projects\\yogiverse_backend\\config\\firebase-credentials.json'
ERROR 2025-06-17 23:02:47,883 firebase_config 2304 14964 Error initializing Firebase: [Errno 2] No such file or directory: 'C:\\projects\\yogiverse_backend\\config\\firebase-credentials.json'
ERROR 2025-06-17 23:03:29,898 firebase_config 5060 17016 Error initializing Firebase: [Errno 2] No such file or directory: 'C:\\projects\\yogiverse_backend\\config\\firebase-credentials.json'
ERROR 2025-06-17 23:03:55,605 firebase_config 12032 17620 Error initializing Firebase: [Errno 2] No such file or directory: 'C:\\projects\\yogiverse_backend\\config\\firebase-credentials.json'
ERROR 2025-06-17 23:04:03,206 firebase_config 14360 19312 Error initializing Firebase: [Errno 2] No such file or directory: 'C:\\projects\\yogiverse_backend\\config\\firebase-credentials.json'
ERROR 2025-06-17 23:04:28,822 firebase_config 10948 3652 Error initializing Firebase: [Errno 2] No such file or directory: 'C:\\projects\\yogiverse_backend\\config\\firebase-credentials.json'
ERROR 2025-06-17 23:04:46,257 firebase_config 18716 19248 Error initializing Firebase: [Errno 2] No such file or directory: 'C:\\projects\\yogiverse_backend\\config\\firebase-credentials.json'
ERROR 2025-06-17 23:05:11,612 firebase_config 4160 14740 Error initializing Firebase: [Errno 2] No such file or directory: 'C:\\projects\\yogiverse_backend\\config\\firebase-credentials.json'
ERROR 2025-06-17 23:05:41,225 firebase_config 9908 14044 Error initializing Firebase: [Errno 2] No such file or directory: 'C:\\projects\\yogiverse_backend\\config\\firebase-credentials.json'
ERROR 2025-06-17 23:07:10,890 firebase_config 12848 11020 Error initializing Firebase: [Errno 2] No such file or directory: 'C:\\projects\\yogiverse_backend\\config\\firebase-credentials.json'
ERROR 2025-06-17 23:08:05,481 firebase_config 8036 10612 Error initializing Firebase: [Errno 2] No such file or directory: 'C:\\projects\\yogiverse_backend\\config\\firebase-credentials.json'
ERROR 2025-06-17 23:08:15,768 firebase_config 17664 18932 Error initializing Firebase: [Errno 2] No such file or directory: 'C:\\projects\\yogiverse_backend\\config\\firebase-credentials.json'
ERROR 2025-06-17 23:08:28,053 firebase_config 3652 10992 Error initializing Firebase: [Errno 2] No such file or directory: 'C:\\projects\\yogiverse_backend\\config\\firebase-credentials.json'
ERROR 2025-06-17 23:08:55,867 firebase_config 6860 9032 Error initializing Firebase: [Errno 2] No such file or directory: 'C:\\projects\\yogiverse_backend\\config\\firebase-credentials.json'
ERROR 2025-06-17 23:09:03,804 firebase_config 14976 13304 Error initializing Firebase: [Errno 2] No such file or directory: 'C:\\projects\\yogiverse_backend\\config\\firebase-credentials.json'
ERROR 2025-06-17 23:09:41,639 firebase_config 4864 10300 Error initializing Firebase: [Errno 2] No such file or directory: 'C:\\projects\\yogiverse_backend\\config\\firebase-credentials.json'
ERROR 2025-06-17 23:10:04,386 firebase_config 14696 12428 Error initializing Firebase: [Errno 2] No such file or directory: 'C:\\projects\\yogiverse_backend\\config\\firebase-credentials.json'
ERROR 2025-06-17 23:10:15,434 firebase_config 13064 8240 Error initializing Firebase: [Errno 2] No such file or directory: 'C:\\projects\\yogiverse_backend\\config\\firebase-credentials.json'
ERROR 2025-06-17 23:11:00,917 firebase_config 13188 19344 Error initializing Firebase: [Errno 2] No such file or directory: 'C:\\projects\\yogiverse_backend\\config\\firebase-credentials.json'
ERROR 2025-06-17 23:12:00,447 firebase_config 19444 11644 Error initializing Firebase: [Errno 2] No such file or directory: 'C:\\projects\\yogiverse_backend\\config\\firebase-credentials.json'
ERROR 2025-06-17 23:12:15,018 firebase_config 19420 19348 Error initializing Firebase: [Errno 2] No such file or directory: 'C:\\projects\\yogiverse_backend\\config\\firebase-credentials.json'
ERROR 2025-06-17 23:12:46,371 firebase_config 19432 17720 Error initializing Firebase: [Errno 2] No such file or directory: 'C:\\projects\\yogiverse_backend\\config\\firebase-credentials.json'
ERROR 2025-06-17 23:12:55,546 firebase_config 15412 5868 Error initializing Firebase: [Errno 2] No such file or directory: 'C:\\projects\\yogiverse_backend\\config\\firebase-credentials.json'
ERROR 2025-06-17 23:13:03,103 firebase_config 8892 17180 Error initializing Firebase: [Errno 2] No such file or directory: 'C:\\projects\\yogiverse_backend\\config\\firebase-credentials.json'
ERROR 2025-06-17 23:13:29,810 firebase_config 19364 12088 Error initializing Firebase: [Errno 2] No such file or directory: 'C:\\projects\\yogiverse_backend\\config\\firebase-credentials.json'
ERROR 2025-06-17 23:14:17,164 firebase_config 11984 15356 Error initializing Firebase: [Errno 2] No such file or directory: 'C:\\projects\\yogiverse_backend\\config\\firebase-credentials.json'
ERROR 2025-06-17 23:14:29,900 firebase_config 1540 18600 Error initializing Firebase: [Errno 2] No such file or directory: 'C:\\projects\\yogiverse_backend\\config\\firebase-credentials.json'
ERROR 2025-06-17 23:14:47,759 firebase_config 2440 9336 Error initializing Firebase: [Errno 2] No such file or directory: 'C:\\projects\\yogiverse_backend\\config\\firebase-credentials.json'
ERROR 2025-06-17 23:14:57,645 firebase_config 8788 15392 Error initializing Firebase: [Errno 2] No such file or directory: 'C:\\projects\\yogiverse_backend\\config\\firebase-credentials.json'
ERROR 2025-06-17 23:15:21,341 firebase_config 18736 19140 Error initializing Firebase: [Errno 2] No such file or directory: 'C:\\projects\\yogiverse_backend\\config\\firebase-credentials.json'
ERROR 2025-06-17 23:15:43,378 firebase_config 14484 14244 Error initializing Firebase: [Errno 2] No such file or directory: 'C:\\projects\\yogiverse_backend\\config\\firebase-credentials.json'
ERROR 2025-06-17 23:16:17,780 firebase_config 9648 4368 Error initializing Firebase: [Errno 2] No such file or directory: 'C:\\projects\\yogiverse_backend\\config\\firebase-credentials.json'
ERROR 2025-06-17 23:16:34,035 firebase_config 13512 17888 Error initializing Firebase: [Errno 2] No such file or directory: 'C:\\projects\\yogiverse_backend\\config\\firebase-credentials.json'
ERROR 2025-06-17 23:16:46,190 firebase_config 12336 11124 Error initializing Firebase: [Errno 2] No such file or directory: 'C:\\projects\\yogiverse_backend\\config\\firebase-credentials.json'
ERROR 2025-06-17 23:16:57,691 firebase_config 9144 5176 Error initializing Firebase: [Errno 2] No such file or directory: 'C:\\projects\\yogiverse_backend\\config\\firebase-credentials.json'
ERROR 2025-06-17 23:17:07,746 firebase_config 14696 19016 Error initializing Firebase: [Errno 2] No such file or directory: 'C:\\projects\\yogiverse_backend\\config\\firebase-credentials.json'
ERROR 2025-06-17 23:17:16,745 firebase_config 6676 19440 Error initializing Firebase: [Errno 2] No such file or directory: 'C:\\projects\\yogiverse_backend\\config\\firebase-credentials.json'
ERROR 2025-06-17 23:17:55,921 firebase_config 6400 13888 Error initializing Firebase: [Errno 2] No such file or directory: 'C:\\projects\\yogiverse_backend\\config\\firebase-credentials.json'
ERROR 2025-06-17 23:19:43,438 firebase_config 6368 14884 Error initializing Firebase: [Errno 2] No such file or directory: 'C:\\projects\\yogiverse_backend\\config\\firebase-credentials.json'
ERROR 2025-06-17 23:20:23,696 firebase_config 10300 17340 Error initializing Firebase: [Errno 2] No such file or directory: 'C:\\projects\\yogiverse_backend\\config\\firebase-credentials.json'
